<?xml version="1.0" encoding="UTF-8"?>
<testng-results skipped="0" failed="0" ignored="0" total="1" passed="1">
  <reporter-output>
  </reporter-output>
  <suite name="Default suite" duration-ms="54427" started-at="2020-03-06T10:05:02Z" finished-at="2020-03-06T10:05:56Z">
    <groups>
    </groups>
    <test name="Default test" duration-ms="54427" started-at="2020-03-06T10:05:02Z" finished-at="2020-03-06T10:05:56Z">
      <class name="Testcase.testcase">
        <test-method status="PASS" signature="startUp()[pri:0, instance:Testcase.testcase@343f4d3d]" name="startUp" is-config="true" duration-ms="14449" started-at="2020-03-06T15:35:02Z" finished-at="2020-03-06T15:35:16Z">
          <reporter-output>
          </reporter-output>
        </test-method> <!-- startUp -->
        <test-method status="PASS" signature="launch()[pri:0, instance:Testcase.testcase@343f4d3d]" name="launch" duration-ms="26986" started-at="2020-03-06T15:35:16Z" finished-at="2020-03-06T15:35:43Z">
          <reporter-output>
          </reporter-output>
        </test-method> <!-- launch -->
        <test-method status="PASS" signature="quit()[pri:0, instance:Testcase.testcase@343f4d3d]" name="quit" is-config="true" duration-ms="12943" started-at="2020-03-06T15:35:43Z" finished-at="2020-03-06T15:35:56Z">
          <reporter-output>
          </reporter-output>
        </test-method> <!-- quit -->
      </class> <!-- Testcase.testcase -->
    </test> <!-- Default test -->
  </suite> <!-- Default suite -->
</testng-results>
